d:\project\cdp_server\cdp_server\debug\cdp_server.pch
d:\project\cdp_server\cdp_server\debug\vc140.pdb
d:\project\cdp_server\cdp_server\debug\vc140.idb
d:\project\cdp_server\cdp_server\debug\stdafx.obj
d:\project\cdp_server\cdp_server\debug\cdp_server.obj
d:\project\cdp_server\cdp_server\debug\datasocket.obj
d:\project\cdp_server\cdp_server\debug\listensocket.obj
d:\project\cdp_server\cdp_server\debug\cdp_serverdlg.obj
d:\project\cdp_server\debug\cdp_server.ilk
d:\project\cdp_server\debug\cdp_server.exe
d:\project\cdp_server\debug\cdp_server.pdb
d:\project\cdp_server\cdp_server\debug\cdp_server.res
d:\project\cdp_server\cdp_server\debug\cdp_server.tlog\cl.command.1.tlog
d:\project\cdp_server\cdp_server\debug\cdp_server.tlog\cl.read.1.tlog
d:\project\cdp_server\cdp_server\debug\cdp_server.tlog\cl.write.1.tlog
d:\project\cdp_server\cdp_server\debug\cdp_server.tlog\link.command.1.tlog
d:\project\cdp_server\cdp_server\debug\cdp_server.tlog\link.read.1.tlog
d:\project\cdp_server\cdp_server\debug\cdp_server.tlog\link.write.1.tlog
d:\project\cdp_server\cdp_server\debug\cdp_server.tlog\rc.command.1.tlog
d:\project\cdp_server\cdp_server\debug\cdp_server.tlog\rc.read.1.tlog
d:\project\cdp_server\cdp_server\debug\cdp_server.tlog\rc.write.1.tlog
